Analysis & Synthesis report for LCD16X2
Mon Aug 16 02:11:12 2021
Quartus Prime Version 18.1.0 Build 625 09/12/2018 SJ Lite Edition


---------------------
; Table of Contents ;
---------------------
  1. Legal Notice
  2. Analysis & Synthesis Summary
  3. Analysis & Synthesis Settings
  4. Parallel Compilation
  5. Analysis & Synthesis Source Files Read
  6. Analysis & Synthesis Resource Usage Summary
  7. Analysis & Synthesis Resource Utilization by Entity
  8. State Machine - |top_level|lcd_controller:dut|state
  9. Registers Removed During Synthesis
 10. Removed Registers Triggering Further Register Optimizations
 11. General Register Statistics
 12. Inverted Register Statistics
 13. Multiplexer Restructuring Statistics (Restructuring Performed)
 14. Parameter Settings for User Entity Instance: PWM:gcontraxt
 15. Parameter Settings for User Entity Instance: lcd_controller:dut
 16. Parameter Settings for Inferred Entity Instance: lpm_divide:Mod4
 17. Parameter Settings for Inferred Entity Instance: lpm_divide:Div4
 18. Parameter Settings for Inferred Entity Instance: lpm_divide:Mod3
 19. Parameter Settings for Inferred Entity Instance: lpm_divide:Div3
 20. Parameter Settings for Inferred Entity Instance: lpm_divide:Mod2
 21. Parameter Settings for Inferred Entity Instance: lpm_divide:Div2
 22. Parameter Settings for Inferred Entity Instance: lpm_divide:Mod1
 23. Parameter Settings for Inferred Entity Instance: lpm_divide:Div1
 24. Parameter Settings for Inferred Entity Instance: lpm_divide:Mod0
 25. Parameter Settings for Inferred Entity Instance: lpm_divide:Div0
 26. Port Connectivity Checks: "lcd_controller:dut"
 27. Port Connectivity Checks: "PWM:gcontraxt"
 28. Post-Synthesis Netlist Statistics for Top Partition
 29. Elapsed Time Per Partition
 30. Analysis & Synthesis Messages



----------------
; Legal Notice ;
----------------
Copyright (C) 2018  Intel Corporation. All rights reserved.
Your use of Intel Corporation's design tools, logic functions 
and other software and tools, and its AMPP partner logic 
functions, and any output files from any of the foregoing 
(including device programming or simulation files), and any 
associated documentation or information are expressly subject 
to the terms and conditions of the Intel Program License 
Subscription Agreement, the Intel Quartus Prime License Agreement,
the Intel FPGA IP License Agreement, or other applicable license
agreement, including, without limitation, that your use is for
the sole purpose of programming logic devices manufactured by
Intel and sold by Intel or its authorized distributors.  Please
refer to the applicable agreement for further details.



+-------------------------------------------------------------------------------+
; Analysis & Synthesis Summary                                                  ;
+---------------------------------+---------------------------------------------+
; Analysis & Synthesis Status     ; Successful - Mon Aug 16 02:11:12 2021       ;
; Quartus Prime Version           ; 18.1.0 Build 625 09/12/2018 SJ Lite Edition ;
; Revision Name                   ; LCD16X2                                     ;
; Top-level Entity Name           ; top_level                                   ;
; Family                          ; Cyclone V                                   ;
; Logic utilization (in ALMs)     ; N/A                                         ;
; Total registers                 ; 183                                         ;
; Total pins                      ; 19                                          ;
; Total virtual pins              ; 0                                           ;
; Total block memory bits         ; 0                                           ;
; Total DSP Blocks                ; 0                                           ;
; Total HSSI RX PCSs              ; 0                                           ;
; Total HSSI PMA RX Deserializers ; 0                                           ;
; Total HSSI TX PCSs              ; 0                                           ;
; Total HSSI PMA TX Serializers   ; 0                                           ;
; Total PLLs                      ; 0                                           ;
; Total DLLs                      ; 0                                           ;
+---------------------------------+---------------------------------------------+


+---------------------------------------------------------------------------------------------------------------------------+
; Analysis & Synthesis Settings                                                                                             ;
+---------------------------------------------------------------------------------+--------------------+--------------------+
; Option                                                                          ; Setting            ; Default Value      ;
+---------------------------------------------------------------------------------+--------------------+--------------------+
; Device                                                                          ; 5CSEBA6U23I7       ;                    ;
; Top-level entity name                                                           ; top_level          ; LCD16X2            ;
; Family name                                                                     ; Cyclone V          ; Cyclone V          ;
; Optimization Technique                                                          ; Speed              ; Balanced           ;
; Allow Any RAM Size For Recognition                                              ; On                 ; Off                ;
; Use smart compilation                                                           ; Off                ; Off                ;
; Enable parallel Assembler and Timing Analyzer during compilation                ; On                 ; On                 ;
; Enable compact report table                                                     ; Off                ; Off                ;
; Restructure Multiplexers                                                        ; Auto               ; Auto               ;
; MLAB Add Timing Constraints For Mixed-Port Feed-Through Mode Setting Don't Care ; Off                ; Off                ;
; Create Debugging Nodes for IP Cores                                             ; Off                ; Off                ;
; Preserve fewer node names                                                       ; On                 ; On                 ;
; Intel FPGA IP Evaluation Mode                                                   ; Enable             ; Enable             ;
; Verilog Version                                                                 ; Verilog_2001       ; Verilog_2001       ;
; VHDL Version                                                                    ; VHDL_1993          ; VHDL_1993          ;
; State Machine Processing                                                        ; Auto               ; Auto               ;
; Safe State Machine                                                              ; Off                ; Off                ;
; Extract Verilog State Machines                                                  ; On                 ; On                 ;
; Extract VHDL State Machines                                                     ; On                 ; On                 ;
; Ignore Verilog initial constructs                                               ; Off                ; Off                ;
; Iteration limit for constant Verilog loops                                      ; 5000               ; 5000               ;
; Iteration limit for non-constant Verilog loops                                  ; 250                ; 250                ;
; Add Pass-Through Logic to Inferred RAMs                                         ; On                 ; On                 ;
; Infer RAMs from Raw Logic                                                       ; On                 ; On                 ;
; Parallel Synthesis                                                              ; On                 ; On                 ;
; DSP Block Balancing                                                             ; Auto               ; Auto               ;
; NOT Gate Push-Back                                                              ; On                 ; On                 ;
; Power-Up Don't Care                                                             ; On                 ; On                 ;
; Remove Redundant Logic Cells                                                    ; Off                ; Off                ;
; Remove Duplicate Registers                                                      ; On                 ; On                 ;
; Ignore CARRY Buffers                                                            ; Off                ; Off                ;
; Ignore CASCADE Buffers                                                          ; Off                ; Off                ;
; Ignore GLOBAL Buffers                                                           ; Off                ; Off                ;
; Ignore ROW GLOBAL Buffers                                                       ; Off                ; Off                ;
; Ignore LCELL Buffers                                                            ; Off                ; Off                ;
; Ignore SOFT Buffers                                                             ; On                 ; On                 ;
; Limit AHDL Integers to 32 Bits                                                  ; Off                ; Off                ;
; Carry Chain Length                                                              ; 70                 ; 70                 ;
; Auto Carry Chains                                                               ; On                 ; On                 ;
; Auto Open-Drain Pins                                                            ; On                 ; On                 ;
; Perform WYSIWYG Primitive Resynthesis                                           ; Off                ; Off                ;
; Auto ROM Replacement                                                            ; On                 ; On                 ;
; Auto RAM Replacement                                                            ; On                 ; On                 ;
; Auto DSP Block Replacement                                                      ; On                 ; On                 ;
; Auto Shift Register Replacement                                                 ; Auto               ; Auto               ;
; Allow Shift Register Merging across Hierarchies                                 ; Auto               ; Auto               ;
; Auto Clock Enable Replacement                                                   ; On                 ; On                 ;
; Strict RAM Replacement                                                          ; Off                ; Off                ;
; Allow Synchronous Control Signals                                               ; On                 ; On                 ;
; Force Use of Synchronous Clear Signals                                          ; Off                ; Off                ;
; Auto Resource Sharing                                                           ; Off                ; Off                ;
; Allow Any ROM Size For Recognition                                              ; Off                ; Off                ;
; Allow Any Shift Register Size For Recognition                                   ; Off                ; Off                ;
; Use LogicLock Constraints during Resource Balancing                             ; On                 ; On                 ;
; Ignore translate_off and synthesis_off directives                               ; Off                ; Off                ;
; Timing-Driven Synthesis                                                         ; On                 ; On                 ;
; Report Parameter Settings                                                       ; On                 ; On                 ;
; Report Source Assignments                                                       ; On                 ; On                 ;
; Report Connectivity Checks                                                      ; On                 ; On                 ;
; Ignore Maximum Fan-Out Assignments                                              ; Off                ; Off                ;
; Synchronization Register Chain Length                                           ; 3                  ; 3                  ;
; Power Optimization During Synthesis                                             ; Normal compilation ; Normal compilation ;
; HDL message level                                                               ; Level2             ; Level2             ;
; Suppress Register Optimization Related Messages                                 ; Off                ; Off                ;
; Number of Removed Registers Reported in Synthesis Report                        ; 5000               ; 5000               ;
; Number of Swept Nodes Reported in Synthesis Report                              ; 5000               ; 5000               ;
; Number of Inverted Registers Reported in Synthesis Report                       ; 100                ; 100                ;
; Clock MUX Protection                                                            ; On                 ; On                 ;
; Auto Gated Clock Conversion                                                     ; Off                ; Off                ;
; Block Design Naming                                                             ; Auto               ; Auto               ;
; SDC constraint protection                                                       ; Off                ; Off                ;
; Synthesis Effort                                                                ; Auto               ; Auto               ;
; Shift Register Replacement - Allow Asynchronous Clear Signal                    ; On                 ; On                 ;
; Pre-Mapping Resynthesis Optimization                                            ; Off                ; Off                ;
; Analysis & Synthesis Message Level                                              ; Medium             ; Medium             ;
; Disable Register Merging Across Hierarchies                                     ; Auto               ; Auto               ;
; Resource Aware Inference For Block RAM                                          ; On                 ; On                 ;
; Automatic Parallel Synthesis                                                    ; On                 ; On                 ;
; Partial Reconfiguration Bitstream ID                                            ; Off                ; Off                ;
+---------------------------------------------------------------------------------+--------------------+--------------------+


+------------------------------------------+
; Parallel Compilation                     ;
+----------------------------+-------------+
; Processors                 ; Number      ;
+----------------------------+-------------+
; Number detected on machine ; 4           ;
; Maximum allowed            ; 2           ;
;                            ;             ;
; Average used               ; 1.00        ;
; Maximum used               ; 2           ;
;                            ;             ;
; Usage by Processor         ; % Time Used ;
;     Processor 1            ; 100.0%      ;
;     Processor 2            ;   0.0%      ;
+----------------------------+-------------+


+-----------------------------------------------------------------------------------------------------------------------------------------------------------------------------------+
; Analysis & Synthesis Source Files Read                                                                                                                                            ;
+----------------------------------+-----------------+------------------------------+-------------------------------------------------------------------------------------+---------+
; File Name with User-Entered Path ; Used in Netlist ; File Type                    ; File Name with Absolute Path                                                        ; Library ;
+----------------------------------+-----------------+------------------------------+-------------------------------------------------------------------------------------+---------+
; PWM.vhd                          ; yes             ; User VHDL File               ; /home/kamal/Desktop/LCD/PWM.vhd                                                     ;         ;
; top_level.vhd                    ; yes             ; User VHDL File               ; /home/kamal/Desktop/LCD/top_level.vhd                                               ;         ;
; lcd_controller.vhd               ; yes             ; User VHDL File               ; /home/kamal/Desktop/LCD/lcd_controller.vhd                                          ;         ;
; lpm_divide.tdf                   ; yes             ; Megafunction                 ; /home/kamal/intelFPGA_lite/18.1/quartus/libraries/megafunctions/lpm_divide.tdf      ;         ;
; abs_divider.inc                  ; yes             ; Megafunction                 ; /home/kamal/intelFPGA_lite/18.1/quartus/libraries/megafunctions/abs_divider.inc     ;         ;
; sign_div_unsign.inc              ; yes             ; Megafunction                 ; /home/kamal/intelFPGA_lite/18.1/quartus/libraries/megafunctions/sign_div_unsign.inc ;         ;
; aglobal181.inc                   ; yes             ; Megafunction                 ; /home/kamal/intelFPGA_lite/18.1/quartus/libraries/megafunctions/aglobal181.inc      ;         ;
; db/lpm_divide_82m.tdf            ; yes             ; Auto-Generated Megafunction  ; /home/kamal/Desktop/LCD/db/lpm_divide_82m.tdf                                       ;         ;
; db/sign_div_unsign_bkh.tdf       ; yes             ; Auto-Generated Megafunction  ; /home/kamal/Desktop/LCD/db/sign_div_unsign_bkh.tdf                                  ;         ;
; db/alt_u_div_sse.tdf             ; yes             ; Auto-Generated Megafunction  ; /home/kamal/Desktop/LCD/db/alt_u_div_sse.tdf                                        ;         ;
; db/lpm_divide_3am.tdf            ; yes             ; Auto-Generated Megafunction  ; /home/kamal/Desktop/LCD/db/lpm_divide_3am.tdf                                       ;         ;
; db/sign_div_unsign_9kh.tdf       ; yes             ; Auto-Generated Megafunction  ; /home/kamal/Desktop/LCD/db/sign_div_unsign_9kh.tdf                                  ;         ;
; db/alt_u_div_ose.tdf             ; yes             ; Auto-Generated Megafunction  ; /home/kamal/Desktop/LCD/db/alt_u_div_ose.tdf                                        ;         ;
; db/lpm_divide_62m.tdf            ; yes             ; Auto-Generated Megafunction  ; /home/kamal/Desktop/LCD/db/lpm_divide_62m.tdf                                       ;         ;
; db/sign_div_unsign_akh.tdf       ; yes             ; Auto-Generated Megafunction  ; /home/kamal/Desktop/LCD/db/sign_div_unsign_akh.tdf                                  ;         ;
; db/alt_u_div_pse.tdf             ; yes             ; Auto-Generated Megafunction  ; /home/kamal/Desktop/LCD/db/alt_u_div_pse.tdf                                        ;         ;
; db/lpm_divide_2am.tdf            ; yes             ; Auto-Generated Megafunction  ; /home/kamal/Desktop/LCD/db/lpm_divide_2am.tdf                                       ;         ;
; db/sign_div_unsign_8kh.tdf       ; yes             ; Auto-Generated Megafunction  ; /home/kamal/Desktop/LCD/db/sign_div_unsign_8kh.tdf                                  ;         ;
; db/alt_u_div_mse.tdf             ; yes             ; Auto-Generated Megafunction  ; /home/kamal/Desktop/LCD/db/alt_u_div_mse.tdf                                        ;         ;
; db/lpm_divide_42m.tdf            ; yes             ; Auto-Generated Megafunction  ; /home/kamal/Desktop/LCD/db/lpm_divide_42m.tdf                                       ;         ;
; db/sign_div_unsign_7kh.tdf       ; yes             ; Auto-Generated Megafunction  ; /home/kamal/Desktop/LCD/db/sign_div_unsign_7kh.tdf                                  ;         ;
; db/alt_u_div_kse.tdf             ; yes             ; Auto-Generated Megafunction  ; /home/kamal/Desktop/LCD/db/alt_u_div_kse.tdf                                        ;         ;
; db/lpm_divide_1am.tdf            ; yes             ; Auto-Generated Megafunction  ; /home/kamal/Desktop/LCD/db/lpm_divide_1am.tdf                                       ;         ;
+----------------------------------+-----------------+------------------------------+-------------------------------------------------------------------------------------+---------+


+-----------------------------------------------------------+
; Analysis & Synthesis Resource Usage Summary               ;
+---------------------------------------------+-------------+
; Resource                                    ; Usage       ;
+---------------------------------------------+-------------+
; Estimate of Logic utilization (ALMs needed) ; 415         ;
;                                             ;             ;
; Combinational ALUT usage for logic          ; 681         ;
;     -- 7 input functions                    ; 0           ;
;     -- 6 input functions                    ; 146         ;
;     -- 5 input functions                    ; 66          ;
;     -- 4 input functions                    ; 78          ;
;     -- <=3 input functions                  ; 391         ;
;                                             ;             ;
; Dedicated logic registers                   ; 183         ;
;                                             ;             ;
; I/O pins                                    ; 19          ;
;                                             ;             ;
; Total DSP Blocks                            ; 0           ;
;                                             ;             ;
; Maximum fan-out node                        ; clkin~input ;
; Maximum fan-out                             ; 183         ;
; Total fan-out                               ; 3003        ;
; Average fan-out                             ; 3.33        ;
+---------------------------------------------+-------------+


+---------------------------------------------------------------------------------------------------------------------------------------------------------------------------------------------------------------------------------------------------------------------------------------------------+
; Analysis & Synthesis Resource Utilization by Entity                                                                                                                                                                                                                                               ;
+----------------------------------------+---------------------+---------------------------+-------------------+------------+------+--------------+------------------------------------------------------------------------------------------------------------+---------------------+--------------+
; Compilation Hierarchy Node             ; Combinational ALUTs ; Dedicated Logic Registers ; Block Memory Bits ; DSP Blocks ; Pins ; Virtual Pins ; Full Hierarchy Name                                                                                        ; Entity Name         ; Library Name ;
+----------------------------------------+---------------------+---------------------------+-------------------+------------+------+--------------+------------------------------------------------------------------------------------------------------------+---------------------+--------------+
; |top_level                             ; 681 (283)           ; 183 (94)                  ; 0                 ; 0          ; 19   ; 0            ; |top_level                                                                                                 ; top_level           ; work         ;
;    |PWM:gcontraxt|                     ; 56 (56)             ; 42 (42)                   ; 0                 ; 0          ; 0    ; 0            ; |top_level|PWM:gcontraxt                                                                                   ; PWM                 ; work         ;
;    |lcd_controller:dut|                ; 135 (135)           ; 47 (47)                   ; 0                 ; 0          ; 0    ; 0            ; |top_level|lcd_controller:dut                                                                              ; lcd_controller      ; work         ;
;    |lpm_divide:Div0|                   ; 5 (0)               ; 0 (0)                     ; 0                 ; 0          ; 0    ; 0            ; |top_level|lpm_divide:Div0                                                                                 ; lpm_divide          ; work         ;
;       |lpm_divide_1am:auto_generated|  ; 5 (0)               ; 0 (0)                     ; 0                 ; 0          ; 0    ; 0            ; |top_level|lpm_divide:Div0|lpm_divide_1am:auto_generated                                                   ; lpm_divide_1am      ; work         ;
;          |sign_div_unsign_7kh:divider| ; 5 (0)               ; 0 (0)                     ; 0                 ; 0          ; 0    ; 0            ; |top_level|lpm_divide:Div0|lpm_divide_1am:auto_generated|sign_div_unsign_7kh:divider                       ; sign_div_unsign_7kh ; work         ;
;             |alt_u_div_kse:divider|    ; 5 (5)               ; 0 (0)                     ; 0                 ; 0          ; 0    ; 0            ; |top_level|lpm_divide:Div0|lpm_divide_1am:auto_generated|sign_div_unsign_7kh:divider|alt_u_div_kse:divider ; alt_u_div_kse       ; work         ;
;    |lpm_divide:Div1|                   ; 27 (0)              ; 0 (0)                     ; 0                 ; 0          ; 0    ; 0            ; |top_level|lpm_divide:Div1                                                                                 ; lpm_divide          ; work         ;
;       |lpm_divide_3am:auto_generated|  ; 27 (0)              ; 0 (0)                     ; 0                 ; 0          ; 0    ; 0            ; |top_level|lpm_divide:Div1|lpm_divide_3am:auto_generated                                                   ; lpm_divide_3am      ; work         ;
;          |sign_div_unsign_9kh:divider| ; 27 (0)              ; 0 (0)                     ; 0                 ; 0          ; 0    ; 0            ; |top_level|lpm_divide:Div1|lpm_divide_3am:auto_generated|sign_div_unsign_9kh:divider                       ; sign_div_unsign_9kh ; work         ;
;             |alt_u_div_ose:divider|    ; 27 (27)             ; 0 (0)                     ; 0                 ; 0          ; 0    ; 0            ; |top_level|lpm_divide:Div1|lpm_divide_3am:auto_generated|sign_div_unsign_9kh:divider|alt_u_div_ose:divider ; alt_u_div_ose       ; work         ;
;    |lpm_divide:Div2|                   ; 27 (0)              ; 0 (0)                     ; 0                 ; 0          ; 0    ; 0            ; |top_level|lpm_divide:Div2                                                                                 ; lpm_divide          ; work         ;
;       |lpm_divide_3am:auto_generated|  ; 27 (0)              ; 0 (0)                     ; 0                 ; 0          ; 0    ; 0            ; |top_level|lpm_divide:Div2|lpm_divide_3am:auto_generated                                                   ; lpm_divide_3am      ; work         ;
;          |sign_div_unsign_9kh:divider| ; 27 (0)              ; 0 (0)                     ; 0                 ; 0          ; 0    ; 0            ; |top_level|lpm_divide:Div2|lpm_divide_3am:auto_generated|sign_div_unsign_9kh:divider                       ; sign_div_unsign_9kh ; work         ;
;             |alt_u_div_ose:divider|    ; 27 (27)             ; 0 (0)                     ; 0                 ; 0          ; 0    ; 0            ; |top_level|lpm_divide:Div2|lpm_divide_3am:auto_generated|sign_div_unsign_9kh:divider|alt_u_div_ose:divider ; alt_u_div_ose       ; work         ;
;    |lpm_divide:Div3|                   ; 16 (0)              ; 0 (0)                     ; 0                 ; 0          ; 0    ; 0            ; |top_level|lpm_divide:Div3                                                                                 ; lpm_divide          ; work         ;
;       |lpm_divide_2am:auto_generated|  ; 16 (0)              ; 0 (0)                     ; 0                 ; 0          ; 0    ; 0            ; |top_level|lpm_divide:Div3|lpm_divide_2am:auto_generated                                                   ; lpm_divide_2am      ; work         ;
;          |sign_div_unsign_8kh:divider| ; 16 (0)              ; 0 (0)                     ; 0                 ; 0          ; 0    ; 0            ; |top_level|lpm_divide:Div3|lpm_divide_2am:auto_generated|sign_div_unsign_8kh:divider                       ; sign_div_unsign_8kh ; work         ;
;             |alt_u_div_mse:divider|    ; 16 (16)             ; 0 (0)                     ; 0                 ; 0          ; 0    ; 0            ; |top_level|lpm_divide:Div3|lpm_divide_2am:auto_generated|sign_div_unsign_8kh:divider|alt_u_div_mse:divider ; alt_u_div_mse       ; work         ;
;    |lpm_divide:Div4|                   ; 27 (0)              ; 0 (0)                     ; 0                 ; 0          ; 0    ; 0            ; |top_level|lpm_divide:Div4                                                                                 ; lpm_divide          ; work         ;
;       |lpm_divide_3am:auto_generated|  ; 27 (0)              ; 0 (0)                     ; 0                 ; 0          ; 0    ; 0            ; |top_level|lpm_divide:Div4|lpm_divide_3am:auto_generated                                                   ; lpm_divide_3am      ; work         ;
;          |sign_div_unsign_9kh:divider| ; 27 (0)              ; 0 (0)                     ; 0                 ; 0          ; 0    ; 0            ; |top_level|lpm_divide:Div4|lpm_divide_3am:auto_generated|sign_div_unsign_9kh:divider                       ; sign_div_unsign_9kh ; work         ;
;             |alt_u_div_ose:divider|    ; 27 (27)             ; 0 (0)                     ; 0                 ; 0          ; 0    ; 0            ; |top_level|lpm_divide:Div4|lpm_divide_3am:auto_generated|sign_div_unsign_9kh:divider|alt_u_div_ose:divider ; alt_u_div_ose       ; work         ;
;    |lpm_divide:Mod0|                   ; 5 (0)               ; 0 (0)                     ; 0                 ; 0          ; 0    ; 0            ; |top_level|lpm_divide:Mod0                                                                                 ; lpm_divide          ; work         ;
;       |lpm_divide_42m:auto_generated|  ; 5 (0)               ; 0 (0)                     ; 0                 ; 0          ; 0    ; 0            ; |top_level|lpm_divide:Mod0|lpm_divide_42m:auto_generated                                                   ; lpm_divide_42m      ; work         ;
;          |sign_div_unsign_7kh:divider| ; 5 (0)               ; 0 (0)                     ; 0                 ; 0          ; 0    ; 0            ; |top_level|lpm_divide:Mod0|lpm_divide_42m:auto_generated|sign_div_unsign_7kh:divider                       ; sign_div_unsign_7kh ; work         ;
;             |alt_u_div_kse:divider|    ; 5 (5)               ; 0 (0)                     ; 0                 ; 0          ; 0    ; 0            ; |top_level|lpm_divide:Mod0|lpm_divide_42m:auto_generated|sign_div_unsign_7kh:divider|alt_u_div_kse:divider ; alt_u_div_kse       ; work         ;
;    |lpm_divide:Mod1|                   ; 28 (0)              ; 0 (0)                     ; 0                 ; 0          ; 0    ; 0            ; |top_level|lpm_divide:Mod1                                                                                 ; lpm_divide          ; work         ;
;       |lpm_divide_82m:auto_generated|  ; 28 (0)              ; 0 (0)                     ; 0                 ; 0          ; 0    ; 0            ; |top_level|lpm_divide:Mod1|lpm_divide_82m:auto_generated                                                   ; lpm_divide_82m      ; work         ;
;          |sign_div_unsign_bkh:divider| ; 28 (0)              ; 0 (0)                     ; 0                 ; 0          ; 0    ; 0            ; |top_level|lpm_divide:Mod1|lpm_divide_82m:auto_generated|sign_div_unsign_bkh:divider                       ; sign_div_unsign_bkh ; work         ;
;             |alt_u_div_sse:divider|    ; 28 (28)             ; 0 (0)                     ; 0                 ; 0          ; 0    ; 0            ; |top_level|lpm_divide:Mod1|lpm_divide_82m:auto_generated|sign_div_unsign_bkh:divider|alt_u_div_sse:divider ; alt_u_div_sse       ; work         ;
;    |lpm_divide:Mod2|                   ; 28 (0)              ; 0 (0)                     ; 0                 ; 0          ; 0    ; 0            ; |top_level|lpm_divide:Mod2                                                                                 ; lpm_divide          ; work         ;
;       |lpm_divide_82m:auto_generated|  ; 28 (0)              ; 0 (0)                     ; 0                 ; 0          ; 0    ; 0            ; |top_level|lpm_divide:Mod2|lpm_divide_82m:auto_generated                                                   ; lpm_divide_82m      ; work         ;
;          |sign_div_unsign_bkh:divider| ; 28 (0)              ; 0 (0)                     ; 0                 ; 0          ; 0    ; 0            ; |top_level|lpm_divide:Mod2|lpm_divide_82m:auto_generated|sign_div_unsign_bkh:divider                       ; sign_div_unsign_bkh ; work         ;
;             |alt_u_div_sse:divider|    ; 28 (28)             ; 0 (0)                     ; 0                 ; 0          ; 0    ; 0            ; |top_level|lpm_divide:Mod2|lpm_divide_82m:auto_generated|sign_div_unsign_bkh:divider|alt_u_div_sse:divider ; alt_u_div_sse       ; work         ;
;    |lpm_divide:Mod3|                   ; 16 (0)              ; 0 (0)                     ; 0                 ; 0          ; 0    ; 0            ; |top_level|lpm_divide:Mod3                                                                                 ; lpm_divide          ; work         ;
;       |lpm_divide_62m:auto_generated|  ; 16 (0)              ; 0 (0)                     ; 0                 ; 0          ; 0    ; 0            ; |top_level|lpm_divide:Mod3|lpm_divide_62m:auto_generated                                                   ; lpm_divide_62m      ; work         ;
;          |sign_div_unsign_akh:divider| ; 16 (0)              ; 0 (0)                     ; 0                 ; 0          ; 0    ; 0            ; |top_level|lpm_divide:Mod3|lpm_divide_62m:auto_generated|sign_div_unsign_akh:divider                       ; sign_div_unsign_akh ; work         ;
;             |alt_u_div_pse:divider|    ; 16 (16)             ; 0 (0)                     ; 0                 ; 0          ; 0    ; 0            ; |top_level|lpm_divide:Mod3|lpm_divide_62m:auto_generated|sign_div_unsign_akh:divider|alt_u_div_pse:divider ; alt_u_div_pse       ; work         ;
;    |lpm_divide:Mod4|                   ; 28 (0)              ; 0 (0)                     ; 0                 ; 0          ; 0    ; 0            ; |top_level|lpm_divide:Mod4                                                                                 ; lpm_divide          ; work         ;
;       |lpm_divide_82m:auto_generated|  ; 28 (0)              ; 0 (0)                     ; 0                 ; 0          ; 0    ; 0            ; |top_level|lpm_divide:Mod4|lpm_divide_82m:auto_generated                                                   ; lpm_divide_82m      ; work         ;
;          |sign_div_unsign_bkh:divider| ; 28 (0)              ; 0 (0)                     ; 0                 ; 0          ; 0    ; 0            ; |top_level|lpm_divide:Mod4|lpm_divide_82m:auto_generated|sign_div_unsign_bkh:divider                       ; sign_div_unsign_bkh ; work         ;
;             |alt_u_div_sse:divider|    ; 28 (28)             ; 0 (0)                     ; 0                 ; 0          ; 0    ; 0            ; |top_level|lpm_divide:Mod4|lpm_divide_82m:auto_generated|sign_div_unsign_bkh:divider|alt_u_div_sse:divider ; alt_u_div_sse       ; work         ;
+----------------------------------------+---------------------+---------------------------+-------------------+------------+------+--------------+------------------------------------------------------------------------------------------------------------+---------------------+--------------+
Note: For table entries with two numbers listed, the numbers in parentheses indicate the number of resources of the given type used by the specific entity alone. The numbers listed outside of parentheses indicate the total resources of the given type used by the specific entity and all of its sub-entities in the hierarchy.


Encoding Type:  One-Hot
+---------------------------------------------------------------------------------+
; State Machine - |top_level|lcd_controller:dut|state                             ;
+------------------+------------+-------------+------------------+----------------+
; Name             ; state.send ; state.ready ; state.initialize ; state.power_up ;
+------------------+------------+-------------+------------------+----------------+
; state.power_up   ; 0          ; 0           ; 0                ; 0              ;
; state.initialize ; 0          ; 0           ; 1                ; 1              ;
; state.ready      ; 0          ; 1           ; 0                ; 1              ;
; state.send       ; 1          ; 0           ; 0                ; 1              ;
+------------------+------------+-------------+------------------+----------------+


+---------------------------------------------------------------------------------+
; Registers Removed During Synthesis                                              ;
+----------------------------------------+----------------------------------------+
; Register name                          ; Reason for Removal                     ;
+----------------------------------------+----------------------------------------+
; apm[1,4,7,8,12,13,17,18]               ; Merged with apm[11]                    ;
; apm[2,3,5,6,9,15,16,19]                ; Merged with apm[0]                     ;
; apm[11]                                ; Stuck at GND due to stuck port data_in ;
; apm[0]                                 ; Stuck at VCC due to stuck port data_in ;
; lcd_bus[8]                             ; Stuck at GND due to stuck port data_in ;
; lcd_controller:dut|rw                  ; Stuck at GND due to stuck port data_in ;
; apm[14]                                ; Merged with apm[10]                    ;
; Total Number of Removed Registers = 21 ;                                        ;
+----------------------------------------+----------------------------------------+


+------------------------------------------------------------------------------------+
; Removed Registers Triggering Further Register Optimizations                        ;
+---------------+---------------------------+----------------------------------------+
; Register name ; Reason for Removal        ; Registers Removed due to This Register ;
+---------------+---------------------------+----------------------------------------+
; apm[11]       ; Stuck at GND              ; lcd_bus[8], lcd_controller:dut|rw      ;
;               ; due to stuck port data_in ;                                        ;
+---------------+---------------------------+----------------------------------------+


+------------------------------------------------------+
; General Register Statistics                          ;
+----------------------------------------------+-------+
; Statistic                                    ; Value ;
+----------------------------------------------+-------+
; Total registers                              ; 183   ;
; Number of registers using Synchronous Clear  ; 128   ;
; Number of registers using Synchronous Load   ; 8     ;
; Number of registers using Asynchronous Clear ; 0     ;
; Number of registers using Asynchronous Load  ; 0     ;
; Number of registers using Clock Enable       ; 88    ;
; Number of registers using Preset             ; 0     ;
+----------------------------------------------+-------+


+--------------------------------------------------+
; Inverted Register Statistics                     ;
+----------------------------------------+---------+
; Inverted Register                      ; Fan out ;
+----------------------------------------+---------+
; lcd_controller:dut|busy                ; 1       ;
; month[0]                               ; 18      ;
; hour[0]                                ; 7       ;
; day[0]                                 ; 9       ;
; apm[10]                                ; 4       ;
; year[2]                                ; 10      ;
; year[4]                                ; 9       ;
; Total number of inverted registers = 7 ;         ;
+----------------------------------------+---------+


+-----------------------------------------------------------------------------------------------------------------------------------------------------------+
; Multiplexer Restructuring Statistics (Restructuring Performed)                                                                                            ;
+--------------------+-----------+---------------+----------------------+------------------------+------------+---------------------------------------------+
; Multiplexer Inputs ; Bus Width ; Baseline Area ; Area if Restructured ; Saving if Restructured ; Registered ; Example Multiplexer Output                  ;
+--------------------+-----------+---------------+----------------------+------------------------+------------+---------------------------------------------+
; 3:1                ; 5 bits    ; 10 LEs        ; 5 LEs                ; 5 LEs                  ; Yes        ; |top_level|PWM:gcontraxt|pwm_count[1]       ;
; 3:1                ; 6 bits    ; 12 LEs        ; 6 LEs                ; 6 LEs                  ; Yes        ; |top_level|sec[5]                           ;
; 5:1                ; 2 bits    ; 6 LEs         ; 4 LEs                ; 2 LEs                  ; Yes        ; |top_level|lcd_controller:dut|rw            ;
; 17:1               ; 3 bits    ; 33 LEs        ; 3 LEs                ; 30 LEs                 ; Yes        ; |top_level|hour[2]                          ;
; 17:1               ; 6 bits    ; 66 LEs        ; 6 LEs                ; 60 LEs                 ; Yes        ; |top_level|min[5]                           ;
; 17:1               ; 4 bits    ; 44 LEs        ; 4 LEs                ; 40 LEs                 ; Yes        ; |top_level|day[2]                           ;
; 7:1                ; 4 bits    ; 16 LEs        ; 4 LEs                ; 12 LEs                 ; Yes        ; |top_level|year[0]                          ;
; 17:1               ; 3 bits    ; 33 LEs        ; 3 LEs                ; 30 LEs                 ; Yes        ; |top_level|month[3]                         ;
; 7:1                ; 32 bits   ; 128 LEs       ; 0 LEs                ; 128 LEs                ; Yes        ; |top_level|lcd_controller:dut|clk_count[13] ;
; 14:1               ; 8 bits    ; 72 LEs        ; 48 LEs               ; 24 LEs                 ; Yes        ; |top_level|lcd_controller:dut|lcd_data[2]   ;
; 7:1                ; 2 bits    ; 8 LEs         ; 2 LEs                ; 6 LEs                  ; Yes        ; |top_level|year[2]                          ;
+--------------------+-----------+---------------+----------------------+------------------------+------------+---------------------------------------------+


+------------------------------------------------------------+
; Parameter Settings for User Entity Instance: PWM:gcontraxt ;
+----------------+----------+--------------------------------+
; Parameter Name ; Value    ; Type                           ;
+----------------+----------+--------------------------------+
; bit_depth      ; 4        ; Signed Integer                 ;
; input_clk      ; 50000000 ; Signed Integer                 ;
; freq           ; 300      ; Signed Integer                 ;
+----------------+----------+--------------------------------+
Note: In order to hide this table in the UI and the text report file, please set the "Show Parameter Settings in Synthesis Report" option in "Analysis and Synthesis Settings -> More Settings" to "Off".


+-----------------------------------------------------------------+
; Parameter Settings for User Entity Instance: lcd_controller:dut ;
+----------------+-------+----------------------------------------+
; Parameter Name ; Value ; Type                                   ;
+----------------+-------+----------------------------------------+
; clk_freq       ; 50    ; Signed Integer                         ;
; display_lines  ; '1'   ; Enumerated                             ;
; character_font ; '0'   ; Enumerated                             ;
; display_on_off ; '1'   ; Enumerated                             ;
; cursor         ; '0'   ; Enumerated                             ;
; blink          ; '0'   ; Enumerated                             ;
; inc_dec        ; '1'   ; Enumerated                             ;
; shift          ; '0'   ; Enumerated                             ;
+----------------+-------+----------------------------------------+
Note: In order to hide this table in the UI and the text report file, please set the "Show Parameter Settings in Synthesis Report" option in "Analysis and Synthesis Settings -> More Settings" to "Off".


+------------------------------------------------------------------+
; Parameter Settings for Inferred Entity Instance: lpm_divide:Mod4 ;
+------------------------+----------------+------------------------+
; Parameter Name         ; Value          ; Type                   ;
+------------------------+----------------+------------------------+
; LPM_WIDTHN             ; 6              ; Untyped                ;
; LPM_WIDTHD             ; 6              ; Untyped                ;
; LPM_NREPRESENTATION    ; UNSIGNED       ; Untyped                ;
; LPM_DREPRESENTATION    ; UNSIGNED       ; Untyped                ;
; LPM_PIPELINE           ; 0              ; Untyped                ;
; LPM_REMAINDERPOSITIVE  ; TRUE           ; Untyped                ;
; MAXIMIZE_SPEED         ; 5              ; Untyped                ;
; CBXI_PARAMETER         ; lpm_divide_82m ; Untyped                ;
; CARRY_CHAIN            ; MANUAL         ; Untyped                ;
; OPTIMIZE_FOR_SPEED     ; 5              ; Untyped                ;
; AUTO_CARRY_CHAINS      ; ON             ; AUTO_CARRY             ;
; IGNORE_CARRY_BUFFERS   ; OFF            ; IGNORE_CARRY           ;
; AUTO_CASCADE_CHAINS    ; ON             ; AUTO_CASCADE           ;
; IGNORE_CASCADE_BUFFERS ; OFF            ; IGNORE_CASCADE         ;
+------------------------+----------------+------------------------+
Note: In order to hide this table in the UI and the text report file, please set the "Show Parameter Settings in Synthesis Report" option in "Analysis and Synthesis Settings -> More Settings" to "Off".


+------------------------------------------------------------------+
; Parameter Settings for Inferred Entity Instance: lpm_divide:Div4 ;
+------------------------+----------------+------------------------+
; Parameter Name         ; Value          ; Type                   ;
+------------------------+----------------+------------------------+
; LPM_WIDTHN             ; 6              ; Untyped                ;
; LPM_WIDTHD             ; 4              ; Untyped                ;
; LPM_NREPRESENTATION    ; UNSIGNED       ; Untyped                ;
; LPM_DREPRESENTATION    ; UNSIGNED       ; Untyped                ;
; LPM_PIPELINE           ; 0              ; Untyped                ;
; LPM_REMAINDERPOSITIVE  ; TRUE           ; Untyped                ;
; MAXIMIZE_SPEED         ; 5              ; Untyped                ;
; CBXI_PARAMETER         ; lpm_divide_3am ; Untyped                ;
; CARRY_CHAIN            ; MANUAL         ; Untyped                ;
; OPTIMIZE_FOR_SPEED     ; 5              ; Untyped                ;
; AUTO_CARRY_CHAINS      ; ON             ; AUTO_CARRY             ;
; IGNORE_CARRY_BUFFERS   ; OFF            ; IGNORE_CARRY           ;
; AUTO_CASCADE_CHAINS    ; ON             ; AUTO_CASCADE           ;
; IGNORE_CASCADE_BUFFERS ; OFF            ; IGNORE_CASCADE         ;
+------------------------+----------------+------------------------+
Note: In order to hide this table in the UI and the text report file, please set the "Show Parameter Settings in Synthesis Report" option in "Analysis and Synthesis Settings -> More Settings" to "Off".


+------------------------------------------------------------------+
; Parameter Settings for Inferred Entity Instance: lpm_divide:Mod3 ;
+------------------------+----------------+------------------------+
; Parameter Name         ; Value          ; Type                   ;
+------------------------+----------------+------------------------+
; LPM_WIDTHN             ; 5              ; Untyped                ;
; LPM_WIDTHD             ; 5              ; Untyped                ;
; LPM_NREPRESENTATION    ; UNSIGNED       ; Untyped                ;
; LPM_DREPRESENTATION    ; UNSIGNED       ; Untyped                ;
; LPM_PIPELINE           ; 0              ; Untyped                ;
; LPM_REMAINDERPOSITIVE  ; TRUE           ; Untyped                ;
; MAXIMIZE_SPEED         ; 5              ; Untyped                ;
; CBXI_PARAMETER         ; lpm_divide_62m ; Untyped                ;
; CARRY_CHAIN            ; MANUAL         ; Untyped                ;
; OPTIMIZE_FOR_SPEED     ; 5              ; Untyped                ;
; AUTO_CARRY_CHAINS      ; ON             ; AUTO_CARRY             ;
; IGNORE_CARRY_BUFFERS   ; OFF            ; IGNORE_CARRY           ;
; AUTO_CASCADE_CHAINS    ; ON             ; AUTO_CASCADE           ;
; IGNORE_CASCADE_BUFFERS ; OFF            ; IGNORE_CASCADE         ;
+------------------------+----------------+------------------------+
Note: In order to hide this table in the UI and the text report file, please set the "Show Parameter Settings in Synthesis Report" option in "Analysis and Synthesis Settings -> More Settings" to "Off".


+------------------------------------------------------------------+
; Parameter Settings for Inferred Entity Instance: lpm_divide:Div3 ;
+------------------------+----------------+------------------------+
; Parameter Name         ; Value          ; Type                   ;
+------------------------+----------------+------------------------+
; LPM_WIDTHN             ; 5              ; Untyped                ;
; LPM_WIDTHD             ; 4              ; Untyped                ;
; LPM_NREPRESENTATION    ; UNSIGNED       ; Untyped                ;
; LPM_DREPRESENTATION    ; UNSIGNED       ; Untyped                ;
; LPM_PIPELINE           ; 0              ; Untyped                ;
; LPM_REMAINDERPOSITIVE  ; TRUE           ; Untyped                ;
; MAXIMIZE_SPEED         ; 5              ; Untyped                ;
; CBXI_PARAMETER         ; lpm_divide_2am ; Untyped                ;
; CARRY_CHAIN            ; MANUAL         ; Untyped                ;
; OPTIMIZE_FOR_SPEED     ; 5              ; Untyped                ;
; AUTO_CARRY_CHAINS      ; ON             ; AUTO_CARRY             ;
; IGNORE_CARRY_BUFFERS   ; OFF            ; IGNORE_CARRY           ;
; AUTO_CASCADE_CHAINS    ; ON             ; AUTO_CASCADE           ;
; IGNORE_CASCADE_BUFFERS ; OFF            ; IGNORE_CASCADE         ;
+------------------------+----------------+------------------------+
Note: In order to hide this table in the UI and the text report file, please set the "Show Parameter Settings in Synthesis Report" option in "Analysis and Synthesis Settings -> More Settings" to "Off".


+------------------------------------------------------------------+
; Parameter Settings for Inferred Entity Instance: lpm_divide:Mod2 ;
+------------------------+----------------+------------------------+
; Parameter Name         ; Value          ; Type                   ;
+------------------------+----------------+------------------------+
; LPM_WIDTHN             ; 6              ; Untyped                ;
; LPM_WIDTHD             ; 6              ; Untyped                ;
; LPM_NREPRESENTATION    ; UNSIGNED       ; Untyped                ;
; LPM_DREPRESENTATION    ; UNSIGNED       ; Untyped                ;
; LPM_PIPELINE           ; 0              ; Untyped                ;
; LPM_REMAINDERPOSITIVE  ; TRUE           ; Untyped                ;
; MAXIMIZE_SPEED         ; 5              ; Untyped                ;
; CBXI_PARAMETER         ; lpm_divide_82m ; Untyped                ;
; CARRY_CHAIN            ; MANUAL         ; Untyped                ;
; OPTIMIZE_FOR_SPEED     ; 5              ; Untyped                ;
; AUTO_CARRY_CHAINS      ; ON             ; AUTO_CARRY             ;
; IGNORE_CARRY_BUFFERS   ; OFF            ; IGNORE_CARRY           ;
; AUTO_CASCADE_CHAINS    ; ON             ; AUTO_CASCADE           ;
; IGNORE_CASCADE_BUFFERS ; OFF            ; IGNORE_CASCADE         ;
+------------------------+----------------+------------------------+
Note: In order to hide this table in the UI and the text report file, please set the "Show Parameter Settings in Synthesis Report" option in "Analysis and Synthesis Settings -> More Settings" to "Off".


+------------------------------------------------------------------+
; Parameter Settings for Inferred Entity Instance: lpm_divide:Div2 ;
+------------------------+----------------+------------------------+
; Parameter Name         ; Value          ; Type                   ;
+------------------------+----------------+------------------------+
; LPM_WIDTHN             ; 6              ; Untyped                ;
; LPM_WIDTHD             ; 4              ; Untyped                ;
; LPM_NREPRESENTATION    ; UNSIGNED       ; Untyped                ;
; LPM_DREPRESENTATION    ; UNSIGNED       ; Untyped                ;
; LPM_PIPELINE           ; 0              ; Untyped                ;
; LPM_REMAINDERPOSITIVE  ; TRUE           ; Untyped                ;
; MAXIMIZE_SPEED         ; 5              ; Untyped                ;
; CBXI_PARAMETER         ; lpm_divide_3am ; Untyped                ;
; CARRY_CHAIN            ; MANUAL         ; Untyped                ;
; OPTIMIZE_FOR_SPEED     ; 5              ; Untyped                ;
; AUTO_CARRY_CHAINS      ; ON             ; AUTO_CARRY             ;
; IGNORE_CARRY_BUFFERS   ; OFF            ; IGNORE_CARRY           ;
; AUTO_CASCADE_CHAINS    ; ON             ; AUTO_CASCADE           ;
; IGNORE_CASCADE_BUFFERS ; OFF            ; IGNORE_CASCADE         ;
+------------------------+----------------+------------------------+
Note: In order to hide this table in the UI and the text report file, please set the "Show Parameter Settings in Synthesis Report" option in "Analysis and Synthesis Settings -> More Settings" to "Off".


+------------------------------------------------------------------+
; Parameter Settings for Inferred Entity Instance: lpm_divide:Mod1 ;
+------------------------+----------------+------------------------+
; Parameter Name         ; Value          ; Type                   ;
+------------------------+----------------+------------------------+
; LPM_WIDTHN             ; 6              ; Untyped                ;
; LPM_WIDTHD             ; 6              ; Untyped                ;
; LPM_NREPRESENTATION    ; UNSIGNED       ; Untyped                ;
; LPM_DREPRESENTATION    ; UNSIGNED       ; Untyped                ;
; LPM_PIPELINE           ; 0              ; Untyped                ;
; LPM_REMAINDERPOSITIVE  ; TRUE           ; Untyped                ;
; MAXIMIZE_SPEED         ; 5              ; Untyped                ;
; CBXI_PARAMETER         ; lpm_divide_82m ; Untyped                ;
; CARRY_CHAIN            ; MANUAL         ; Untyped                ;
; OPTIMIZE_FOR_SPEED     ; 5              ; Untyped                ;
; AUTO_CARRY_CHAINS      ; ON             ; AUTO_CARRY             ;
; IGNORE_CARRY_BUFFERS   ; OFF            ; IGNORE_CARRY           ;
; AUTO_CASCADE_CHAINS    ; ON             ; AUTO_CASCADE           ;
; IGNORE_CASCADE_BUFFERS ; OFF            ; IGNORE_CASCADE         ;
+------------------------+----------------+------------------------+
Note: In order to hide this table in the UI and the text report file, please set the "Show Parameter Settings in Synthesis Report" option in "Analysis and Synthesis Settings -> More Settings" to "Off".


+------------------------------------------------------------------+
; Parameter Settings for Inferred Entity Instance: lpm_divide:Div1 ;
+------------------------+----------------+------------------------+
; Parameter Name         ; Value          ; Type                   ;
+------------------------+----------------+------------------------+
; LPM_WIDTHN             ; 6              ; Untyped                ;
; LPM_WIDTHD             ; 4              ; Untyped                ;
; LPM_NREPRESENTATION    ; UNSIGNED       ; Untyped                ;
; LPM_DREPRESENTATION    ; UNSIGNED       ; Untyped                ;
; LPM_PIPELINE           ; 0              ; Untyped                ;
; LPM_REMAINDERPOSITIVE  ; TRUE           ; Untyped                ;
; MAXIMIZE_SPEED         ; 5              ; Untyped                ;
; CBXI_PARAMETER         ; lpm_divide_3am ; Untyped                ;
; CARRY_CHAIN            ; MANUAL         ; Untyped                ;
; OPTIMIZE_FOR_SPEED     ; 5              ; Untyped                ;
; AUTO_CARRY_CHAINS      ; ON             ; AUTO_CARRY             ;
; IGNORE_CARRY_BUFFERS   ; OFF            ; IGNORE_CARRY           ;
; AUTO_CASCADE_CHAINS    ; ON             ; AUTO_CASCADE           ;
; IGNORE_CASCADE_BUFFERS ; OFF            ; IGNORE_CASCADE         ;
+------------------------+----------------+------------------------+
Note: In order to hide this table in the UI and the text report file, please set the "Show Parameter Settings in Synthesis Report" option in "Analysis and Synthesis Settings -> More Settings" to "Off".


+------------------------------------------------------------------+
; Parameter Settings for Inferred Entity Instance: lpm_divide:Mod0 ;
+------------------------+----------------+------------------------+
; Parameter Name         ; Value          ; Type                   ;
+------------------------+----------------+------------------------+
; LPM_WIDTHN             ; 4              ; Untyped                ;
; LPM_WIDTHD             ; 4              ; Untyped                ;
; LPM_NREPRESENTATION    ; UNSIGNED       ; Untyped                ;
; LPM_DREPRESENTATION    ; UNSIGNED       ; Untyped                ;
; LPM_PIPELINE           ; 0              ; Untyped                ;
; LPM_REMAINDERPOSITIVE  ; TRUE           ; Untyped                ;
; MAXIMIZE_SPEED         ; 5              ; Untyped                ;
; CBXI_PARAMETER         ; lpm_divide_42m ; Untyped                ;
; CARRY_CHAIN            ; MANUAL         ; Untyped                ;
; OPTIMIZE_FOR_SPEED     ; 5              ; Untyped                ;
; AUTO_CARRY_CHAINS      ; ON             ; AUTO_CARRY             ;
; IGNORE_CARRY_BUFFERS   ; OFF            ; IGNORE_CARRY           ;
; AUTO_CASCADE_CHAINS    ; ON             ; AUTO_CASCADE           ;
; IGNORE_CASCADE_BUFFERS ; OFF            ; IGNORE_CASCADE         ;
+------------------------+----------------+------------------------+
Note: In order to hide this table in the UI and the text report file, please set the "Show Parameter Settings in Synthesis Report" option in "Analysis and Synthesis Settings -> More Settings" to "Off".


+------------------------------------------------------------------+
; Parameter Settings for Inferred Entity Instance: lpm_divide:Div0 ;
+------------------------+----------------+------------------------+
; Parameter Name         ; Value          ; Type                   ;
+------------------------+----------------+------------------------+
; LPM_WIDTHN             ; 4              ; Untyped                ;
; LPM_WIDTHD             ; 4              ; Untyped                ;
; LPM_NREPRESENTATION    ; UNSIGNED       ; Untyped                ;
; LPM_DREPRESENTATION    ; UNSIGNED       ; Untyped                ;
; LPM_PIPELINE           ; 0              ; Untyped                ;
; LPM_REMAINDERPOSITIVE  ; TRUE           ; Untyped                ;
; MAXIMIZE_SPEED         ; 5              ; Untyped                ;
; CBXI_PARAMETER         ; lpm_divide_1am ; Untyped                ;
; CARRY_CHAIN            ; MANUAL         ; Untyped                ;
; OPTIMIZE_FOR_SPEED     ; 5              ; Untyped                ;
; AUTO_CARRY_CHAINS      ; ON             ; AUTO_CARRY             ;
; IGNORE_CARRY_BUFFERS   ; OFF            ; IGNORE_CARRY           ;
; AUTO_CASCADE_CHAINS    ; ON             ; AUTO_CASCADE           ;
; IGNORE_CASCADE_BUFFERS ; OFF            ; IGNORE_CASCADE         ;
+------------------------+----------------+------------------------+
Note: In order to hide this table in the UI and the text report file, please set the "Show Parameter Settings in Synthesis Report" option in "Analysis and Synthesis Settings -> More Settings" to "Off".


+------------------------------------------------+
; Port Connectivity Checks: "lcd_controller:dut" ;
+---------+-------+----------+-------------------+
; Port    ; Type  ; Severity ; Details           ;
+---------+-------+----------+-------------------+
; reset_n ; Input ; Info     ; Stuck at VCC      ;
+---------+-------+----------+-------------------+


+----------------------------------------------------+
; Port Connectivity Checks: "PWM:gcontraxt"          ;
+------------------+-------+----------+--------------+
; Port             ; Type  ; Severity ; Details      ;
+------------------+-------+----------+--------------+
; duty_cycle[2..1] ; Input ; Info     ; Stuck at GND ;
; duty_cycle[3]    ; Input ; Info     ; Stuck at VCC ;
; duty_cycle[0]    ; Input ; Info     ; Stuck at VCC ;
; enable           ; Input ; Info     ; Stuck at GND ;
+------------------+-------+----------+--------------+


+-----------------------------------------------------+
; Post-Synthesis Netlist Statistics for Top Partition ;
+-----------------------+-----------------------------+
; Type                  ; Count                       ;
+-----------------------+-----------------------------+
; arriav_ff             ; 183                         ;
;     ENA               ; 36                          ;
;     ENA SCLR          ; 44                          ;
;     ENA SCLR SLD      ; 8                           ;
;     SCLR              ; 76                          ;
;     plain             ; 19                          ;
; arriav_lcell_comb     ; 681                         ;
;     arith             ; 221                         ;
;         0 data inputs ; 28                          ;
;         1 data inputs ; 134                         ;
;         2 data inputs ; 16                          ;
;         3 data inputs ; 34                          ;
;         4 data inputs ; 9                           ;
;     normal            ; 410                         ;
;         0 data inputs ; 1                           ;
;         2 data inputs ; 78                          ;
;         3 data inputs ; 50                          ;
;         4 data inputs ; 69                          ;
;         5 data inputs ; 66                          ;
;         6 data inputs ; 146                         ;
;     shared            ; 50                          ;
;         0 data inputs ; 10                          ;
;         1 data inputs ; 40                          ;
; boundary_port         ; 19                          ;
;                       ;                             ;
; Max LUT depth         ; 9.50                        ;
; Average LUT depth     ; 5.84                        ;
+-----------------------+-----------------------------+


+-------------------------------+
; Elapsed Time Per Partition    ;
+----------------+--------------+
; Partition Name ; Elapsed Time ;
+----------------+--------------+
; Top            ; 00:00:04     ;
+----------------+--------------+


+-------------------------------+
; Analysis & Synthesis Messages ;
+-------------------------------+
Info: *******************************************************************
Info: Running Quartus Prime Analysis & Synthesis
    Info: Version 18.1.0 Build 625 09/12/2018 SJ Lite Edition
    Info: Processing started: Mon Aug 16 02:10:42 2021
Info: Command: quartus_map --read_settings_files=on --write_settings_files=off LCD16X2 -c LCD16X2
Warning (18236): Number of processors has not been specified which may cause overloading on shared machines.  Set the global assignment NUM_PARALLEL_PROCESSORS in your QSF to an appropriate value for best performance.
Info (20030): Parallel compilation is enabled and will use 2 of the 2 processors detected
Info (12021): Found 2 design units, including 1 entities, in source file PWM.vhd
    Info (12022): Found design unit 1: PWM-behavior File: /home/kamal/Desktop/LCD/PWM.vhd Line: 35
    Info (12023): Found entity 1: PWM File: /home/kamal/Desktop/LCD/PWM.vhd Line: 22
Info (12021): Found 2 design units, including 1 entities, in source file top_level.vhd
    Info (12022): Found design unit 1: top_level-behavior File: /home/kamal/Desktop/LCD/top_level.vhd Line: 45
    Info (12023): Found entity 1: top_level File: /home/kamal/Desktop/LCD/top_level.vhd Line: 30
Info (12021): Found 2 design units, including 1 entities, in source file lcd_controller.vhd
    Info (12022): Found design unit 1: lcd_controller-controller File: /home/kamal/Desktop/LCD/lcd_controller.vhd Line: 49
    Info (12023): Found entity 1: lcd_controller File: /home/kamal/Desktop/LCD/lcd_controller.vhd Line: 29
Info (12021): Found 2 design units, including 1 entities, in source file pll.vhd
    Info (12022): Found design unit 1: pll-rtl File: /home/kamal/Desktop/LCD/pll.vhd Line: 19
    Info (12023): Found entity 1: pll File: /home/kamal/Desktop/LCD/pll.vhd Line: 11
Info (12021): Found 1 design units, including 1 entities, in source file pll/pll_0002.v
    Info (12023): Found entity 1: pll_0002 File: /home/kamal/Desktop/LCD/pll/pll_0002.v Line: 2
Info (12127): Elaborating entity "top_level" for the top level hierarchy
Warning (10540): VHDL Signal Declaration warning at top_level.vhd(49): used explicit default value for signal "led_duty_cycle" because signal was never assigned a value File: /home/kamal/Desktop/LCD/top_level.vhd Line: 49
Info (12128): Elaborating entity "PWM" for hierarchy "PWM:gcontraxt" File: /home/kamal/Desktop/LCD/top_level.vhd Line: 112
Info (12128): Elaborating entity "lcd_controller" for hierarchy "lcd_controller:dut" File: /home/kamal/Desktop/LCD/top_level.vhd Line: 126
Info (278001): Inferred 10 megafunctions from design logic
    Info (278004): Inferred divider/modulo megafunction ("lpm_divide") from the following logic: "Mod4" File: /home/kamal/Desktop/LCD/top_level.vhd Line: 178
    Info (278004): Inferred divider/modulo megafunction ("lpm_divide") from the following logic: "Div4" File: /home/kamal/Desktop/LCD/top_level.vhd Line: 177
    Info (278004): Inferred divider/modulo megafunction ("lpm_divide") from the following logic: "Mod3" File: /home/kamal/Desktop/LCD/top_level.vhd Line: 173
    Info (278004): Inferred divider/modulo megafunction ("lpm_divide") from the following logic: "Div3" File: /home/kamal/Desktop/LCD/top_level.vhd Line: 172
    Info (278004): Inferred divider/modulo megafunction ("lpm_divide") from the following logic: "Mod2" File: /home/kamal/Desktop/LCD/top_level.vhd Line: 162
    Info (278004): Inferred divider/modulo megafunction ("lpm_divide") from the following logic: "Div2" File: /home/kamal/Desktop/LCD/top_level.vhd Line: 161
    Info (278004): Inferred divider/modulo megafunction ("lpm_divide") from the following logic: "Mod1" File: /home/kamal/Desktop/LCD/top_level.vhd Line: 159
    Info (278004): Inferred divider/modulo megafunction ("lpm_divide") from the following logic: "Div1" File: /home/kamal/Desktop/LCD/top_level.vhd Line: 158
    Info (278004): Inferred divider/modulo megafunction ("lpm_divide") from the following logic: "Mod0" File: /home/kamal/Desktop/LCD/top_level.vhd Line: 156
    Info (278004): Inferred divider/modulo megafunction ("lpm_divide") from the following logic: "Div0" File: /home/kamal/Desktop/LCD/top_level.vhd Line: 155
Info (12130): Elaborated megafunction instantiation "lpm_divide:Mod4" File: /home/kamal/Desktop/LCD/top_level.vhd Line: 178
Info (12133): Instantiated megafunction "lpm_divide:Mod4" with the following parameter: File: /home/kamal/Desktop/LCD/top_level.vhd Line: 178
    Info (12134): Parameter "LPM_WIDTHN" = "6"
    Info (12134): Parameter "LPM_WIDTHD" = "6"
    Info (12134): Parameter "LPM_NREPRESENTATION" = "UNSIGNED"
    Info (12134): Parameter "LPM_DREPRESENTATION" = "UNSIGNED"
Info (12021): Found 1 design units, including 1 entities, in source file db/lpm_divide_82m.tdf
    Info (12023): Found entity 1: lpm_divide_82m File: /home/kamal/Desktop/LCD/db/lpm_divide_82m.tdf Line: 24
Info (12021): Found 1 design units, including 1 entities, in source file db/sign_div_unsign_bkh.tdf
    Info (12023): Found entity 1: sign_div_unsign_bkh File: /home/kamal/Desktop/LCD/db/sign_div_unsign_bkh.tdf Line: 24
Info (12021): Found 1 design units, including 1 entities, in source file db/alt_u_div_sse.tdf
    Info (12023): Found entity 1: alt_u_div_sse File: /home/kamal/Desktop/LCD/db/alt_u_div_sse.tdf Line: 22
Info (12130): Elaborated megafunction instantiation "lpm_divide:Div4" File: /home/kamal/Desktop/LCD/top_level.vhd Line: 177
Info (12133): Instantiated megafunction "lpm_divide:Div4" with the following parameter: File: /home/kamal/Desktop/LCD/top_level.vhd Line: 177
    Info (12134): Parameter "LPM_WIDTHN" = "6"
    Info (12134): Parameter "LPM_WIDTHD" = "4"
    Info (12134): Parameter "LPM_NREPRESENTATION" = "UNSIGNED"
    Info (12134): Parameter "LPM_DREPRESENTATION" = "UNSIGNED"
Info (12021): Found 1 design units, including 1 entities, in source file db/lpm_divide_3am.tdf
    Info (12023): Found entity 1: lpm_divide_3am File: /home/kamal/Desktop/LCD/db/lpm_divide_3am.tdf Line: 24
Info (12021): Found 1 design units, including 1 entities, in source file db/sign_div_unsign_9kh.tdf
    Info (12023): Found entity 1: sign_div_unsign_9kh File: /home/kamal/Desktop/LCD/db/sign_div_unsign_9kh.tdf Line: 24
Info (12021): Found 1 design units, including 1 entities, in source file db/alt_u_div_ose.tdf
    Info (12023): Found entity 1: alt_u_div_ose File: /home/kamal/Desktop/LCD/db/alt_u_div_ose.tdf Line: 22
Info (12130): Elaborated megafunction instantiation "lpm_divide:Mod3" File: /home/kamal/Desktop/LCD/top_level.vhd Line: 173
Info (12133): Instantiated megafunction "lpm_divide:Mod3" with the following parameter: File: /home/kamal/Desktop/LCD/top_level.vhd Line: 173
    Info (12134): Parameter "LPM_WIDTHN" = "5"
    Info (12134): Parameter "LPM_WIDTHD" = "5"
    Info (12134): Parameter "LPM_NREPRESENTATION" = "UNSIGNED"
    Info (12134): Parameter "LPM_DREPRESENTATION" = "UNSIGNED"
Info (12021): Found 1 design units, including 1 entities, in source file db/lpm_divide_62m.tdf
    Info (12023): Found entity 1: lpm_divide_62m File: /home/kamal/Desktop/LCD/db/lpm_divide_62m.tdf Line: 24
Info (12021): Found 1 design units, including 1 entities, in source file db/sign_div_unsign_akh.tdf
    Info (12023): Found entity 1: sign_div_unsign_akh File: /home/kamal/Desktop/LCD/db/sign_div_unsign_akh.tdf Line: 24
Info (12021): Found 1 design units, including 1 entities, in source file db/alt_u_div_pse.tdf
    Info (12023): Found entity 1: alt_u_div_pse File: /home/kamal/Desktop/LCD/db/alt_u_div_pse.tdf Line: 22
Info (12130): Elaborated megafunction instantiation "lpm_divide:Div3" File: /home/kamal/Desktop/LCD/top_level.vhd Line: 172
Info (12133): Instantiated megafunction "lpm_divide:Div3" with the following parameter: File: /home/kamal/Desktop/LCD/top_level.vhd Line: 172
    Info (12134): Parameter "LPM_WIDTHN" = "5"
    Info (12134): Parameter "LPM_WIDTHD" = "4"
    Info (12134): Parameter "LPM_NREPRESENTATION" = "UNSIGNED"
    Info (12134): Parameter "LPM_DREPRESENTATION" = "UNSIGNED"
Info (12021): Found 1 design units, including 1 entities, in source file db/lpm_divide_2am.tdf
    Info (12023): Found entity 1: lpm_divide_2am File: /home/kamal/Desktop/LCD/db/lpm_divide_2am.tdf Line: 24
Info (12021): Found 1 design units, including 1 entities, in source file db/sign_div_unsign_8kh.tdf
    Info (12023): Found entity 1: sign_div_unsign_8kh File: /home/kamal/Desktop/LCD/db/sign_div_unsign_8kh.tdf Line: 24
Info (12021): Found 1 design units, including 1 entities, in source file db/alt_u_div_mse.tdf
    Info (12023): Found entity 1: alt_u_div_mse File: /home/kamal/Desktop/LCD/db/alt_u_div_mse.tdf Line: 22
Info (12130): Elaborated megafunction instantiation "lpm_divide:Mod0" File: /home/kamal/Desktop/LCD/top_level.vhd Line: 156
Info (12133): Instantiated megafunction "lpm_divide:Mod0" with the following parameter: File: /home/kamal/Desktop/LCD/top_level.vhd Line: 156
    Info (12134): Parameter "LPM_WIDTHN" = "4"
    Info (12134): Parameter "LPM_WIDTHD" = "4"
    Info (12134): Parameter "LPM_NREPRESENTATION" = "UNSIGNED"
    Info (12134): Parameter "LPM_DREPRESENTATION" = "UNSIGNED"
Info (12021): Found 1 design units, including 1 entities, in source file db/lpm_divide_42m.tdf
    Info (12023): Found entity 1: lpm_divide_42m File: /home/kamal/Desktop/LCD/db/lpm_divide_42m.tdf Line: 24
Info (12021): Found 1 design units, including 1 entities, in source file db/sign_div_unsign_7kh.tdf
    Info (12023): Found entity 1: sign_div_unsign_7kh File: /home/kamal/Desktop/LCD/db/sign_div_unsign_7kh.tdf Line: 24
Info (12021): Found 1 design units, including 1 entities, in source file db/alt_u_div_kse.tdf
    Info (12023): Found entity 1: alt_u_div_kse File: /home/kamal/Desktop/LCD/db/alt_u_div_kse.tdf Line: 22
Info (12130): Elaborated megafunction instantiation "lpm_divide:Div0" File: /home/kamal/Desktop/LCD/top_level.vhd Line: 155
Info (12133): Instantiated megafunction "lpm_divide:Div0" with the following parameter: File: /home/kamal/Desktop/LCD/top_level.vhd Line: 155
    Info (12134): Parameter "LPM_WIDTHN" = "4"
    Info (12134): Parameter "LPM_WIDTHD" = "4"
    Info (12134): Parameter "LPM_NREPRESENTATION" = "UNSIGNED"
    Info (12134): Parameter "LPM_DREPRESENTATION" = "UNSIGNED"
Info (12021): Found 1 design units, including 1 entities, in source file db/lpm_divide_1am.tdf
    Info (12023): Found entity 1: lpm_divide_1am File: /home/kamal/Desktop/LCD/db/lpm_divide_1am.tdf Line: 24
Warning (13024): Output pins are stuck at VCC or GND
    Warning (13410): Pin "rw" is stuck at GND File: /home/kamal/Desktop/LCD/top_level.vhd Line: 33
Info (286030): Timing-Driven Synthesis is running
Warning (20013): Ignored 16 assignments for entity "pll" -- entity does not exist in design
    Warning (20014): Assignment for entity set_global_assignment -name IP_TOOL_NAME altera_pll -entity pll -sip pll.sip -library lib_pll was ignored
    Warning (20014): Assignment for entity set_global_assignment -name IP_TOOL_VERSION 18.1 -entity pll -sip pll.sip -library lib_pll was ignored
    Warning (20014): Assignment for entity set_global_assignment -name IP_TOOL_ENV mwpim -entity pll -sip pll.sip -library lib_pll was ignored
Warning (20013): Ignored 317 assignments for entity "pll_0002" -- entity does not exist in design
Info (16010): Generating hard_block partition "hard_block:auto_generated_inst"
    Info (16011): Adding 0 node(s), including 0 DDIO, 0 PLL, 0 transceiver and 0 LCELL
Info (21057): Implemented 743 device resources after synthesis - the final resource count might be different
    Info (21058): Implemented 6 input pins
    Info (21059): Implemented 13 output pins
    Info (21061): Implemented 724 logic cells
Info: Quartus Prime Analysis & Synthesis was successful. 0 errors, 9 warnings
    Info: Peak virtual memory: 1039 megabytes
    Info: Processing ended: Mon Aug 16 02:11:12 2021
    Info: Elapsed time: 00:00:30
    Info: Total CPU time (on all processors): 00:00:47


